Build started 5/20/2016 9:00:00 PM.
     1>Project "D:\DM_Project\proj.win32\DM_Project.vcxproj" on node 2 (Build target(s)).
     1>ClCompile:
         C:\Program Files (x86)\Microsoft Visual Studio 12.0\VC\bin\CL.exe /c /I"C:\Cocos\Cocos2d-x\cocos2d-x-3.10\cocos\audio\include" /I"C:\Cocos\Cocos2d-x\cocos2d-x-3.10\external" /I"C:\Cocos\Cocos2d-x\cocos2d-x-3.10\external\chipmunk\include\chipmunk" /I"C:\Cocos\Cocos2d-x\cocos2d-x-3.10\extensions" /I..\Classes /I.. /I"C:\Cocos\Cocos2d-x\cocos2d-x-3.10\cocos\2d\..\..\cocos\editor-support" /I"C:\Cocos\Cocos2d-x\cocos2d-x-3.10\cocos\2d\..\..\cocos" /I"C:\Cocos\Cocos2d-x\cocos2d-x-3.10\cocos\2d\..\..\cocos\platform" /I"C:\Cocos\Cocos2d-x\cocos2d-x-3.10\cocos\2d\..\..\cocos\platform\desktop" /I"C:\Cocos\Cocos2d-x\cocos2d-x-3.10\cocos\2d\..\..\external\glfw3\include\win32" /I"C:\Cocos\Cocos2d-x\cocos2d-x-3.10\cocos\2d\..\..\external\win32-specific\gles\include\OGLES" /I"C:\Cocos\Cocos2d-x\cocos2d-x-3.10\cocos\2d\..\..\external\freetype2\include\win32\freetype2" /I"C:\Cocos\Cocos2d-x\cocos2d-x-3.10\cocos\2d\..\..\external\freetype2\include\win32\\" /I"C:\Cocos\Cocos2d-x\cocos2d-x-3.10\cocos\2d\..\..\external" /ZI /nologo /W3 /WX- /MP /Od /Oy- /D WIN32 /D _WINDOWS /D _USE_MATH_DEFINES /D GL_GLEXT_PROTOTYPES /D CC_ENABLE_CHIPMUNK_INTEGRATION=1 /D COCOS2D_DEBUG=1 /D _CRT_SECURE_NO_WARNINGS /D _SCL_SECURE_NO_WARNINGS /D _VARIADIC_MAX=10 /D _USING_V110_SDK71_ /D _UNICODE /D UNICODE /Gm- /EHsc /RTC1 /MD /GS /fp:precise /Zc:wchar_t /Zc:forScope /Fo"Debug.win32\\" /Fd"Debug.win32\vc120.pdb" /Gd /TP /wd4267 /wd4251 /wd4244 /analyze- /errorReport:prompt ..\Classes\GameScreen.cpp ..\Classes\MenuScreen.cpp ..\Classes\WorldRenderer.cpp
         GameScreen.cpp
         MenuScreen.cpp
         WorldRenderer.cpp
     1>d:\dm_project\classes\worldrenderer.cpp(24): warning C4996: 'cocos2d::CCRectMake': was declared deprecated
                 c:\cocos\cocos2d-x\cocos2d-x-3.10\cocos\deprecated\ccdeprecated.h(390) : see declaration of 'cocos2d::CCRectMake'
     1>d:\dm_project\classes\worldrenderer.cpp(27): warning C4996: 'cocos2d::Texture2D::setTexParameters': was declared deprecated
                 c:\cocos\cocos2d-x\cocos2d-x-3.10\cocos\renderer\cctexture2d.h(319) : see declaration of 'cocos2d::Texture2D::setTexParameters'
     1>d:\dm_project\classes\menuscreen.cpp(84): warning C4996: 'cocos2d::CCRectMake': was declared deprecated
                 c:\cocos\cocos2d-x\cocos2d-x-3.10\cocos\deprecated\ccdeprecated.h(390) : see declaration of 'cocos2d::CCRectMake'
     1>d:\dm_project\classes\menuscreen.cpp(87): warning C4996: 'cocos2d::Texture2D::setTexParameters': was declared deprecated
                 c:\cocos\cocos2d-x\cocos2d-x-3.10\cocos\renderer\cctexture2d.h(319) : see declaration of 'cocos2d::Texture2D::setTexParameters'
       PreLinkEvent:
         if not exist "D:\DM_Project\proj.win32\Debug.win32\" mkdir "D:\DM_Project\proj.win32\Debug.win32\"
         xcopy /Y /Q "C:\Cocos\Cocos2d-x\cocos2d-x-3.10\prebuilt\win32\*.*" "D:\DM_Project\proj.win32\Debug.win32\"
         
         :VCEnd
         60 File(s) copied
       Link:
         C:\Program Files (x86)\Microsoft Visual Studio 12.0\VC\bin\link.exe /ERRORREPORT:PROMPT /OUT:"D:\DM_Project\proj.win32\Debug.win32\DM_Project.exe" /INCREMENTAL /NOLOGO /LIBPATH:D:\DM_Project\proj.win32\Debug.win32\ /LIBPATH:D:\DM_Project\proj.win32\Debug.win32\ opengl32.lib glew32.lib libzlib.lib libwebp.lib libiconv.lib freetype.lib winmm.lib ws2_32.lib kernel32.lib user32.lib gdi32.lib winspool.lib comdlg32.lib advapi32.lib shell32.lib ole32.lib oleaut32.lib uuid.lib odbc32.lib odbccp32.lib /MANIFEST /MANIFESTUAC:"level='asInvoker' uiAccess='false'" /manifest:embed /DEBUG /PDB:"D:\DM_Project\proj.win32\Debug.win32\DM_Project.pdb" /SUBSYSTEM:WINDOWS,"5.01" /TLBID:1 /DYNAMICBASE /NXCOMPAT /IMPLIB:"D:\DM_Project\proj.win32\Debug.win32\DM_Project.lib" /MACHINE:X86 /SAFESEH Debug.win32\game.res
         Debug.win32\AppDelegate.obj
         Debug.win32\Obstacle.obj
         Debug.win32\GameObject.obj
         Debug.win32\GameScreen.obj
         Debug.win32\Hero.obj
         Debug.win32\Level.obj
         Debug.win32\MenuScreen.obj
         Debug.win32\WorldRenderer.obj
         Debug.win32\main.obj
         DM_Project.vcxproj -> D:\DM_Project\proj.win32\Debug.win32\DM_Project.exe
       CustomBuildStep:
         if not exist "D:\DM_Project\proj.win32\Debug.win32\" mkdir "D:\DM_Project\proj.win32\Debug.win32\"
         xcopy "D:\DM_Project\proj.win32\..\Resources" "D:\DM_Project\proj.win32\Debug.win32\" /D /E /I /F /Y
               
         :VCEnd
         0 File(s) copied
     1>Done Building Project "D:\DM_Project\proj.win32\DM_Project.vcxproj" (Build target(s)).

Build succeeded.

Time Elapsed 00:00:12.59
