d:\dm_project\proj.win32\debug.win32\appdelegate.obj
d:\dm_project\proj.win32\debug.win32\gameobject.obj
d:\dm_project\proj.win32\debug.win32\hero.obj
d:\dm_project\proj.win32\debug.win32\menuscreen.obj
d:\dm_project\proj.win32\debug.win32\obstacle.obj
d:\dm_project\proj.win32\debug.win32\gamescreen.obj
d:\dm_project\proj.win32\debug.win32\level.obj
d:\dm_project\proj.win32\debug.win32\worldrenderer.obj
d:\dm_project\proj.win32\debug.win32\main.obj
d:\dm_project\proj.win32\debug.win32\vc120.pdb
d:\dm_project\proj.win32\debug.win32\vc120.idb
d:\dm_project\proj.win32\debug.win32\game.res
d:\dm_project\proj.win32\debug.win32\dm_project.lib
d:\dm_project\proj.win32\debug.win32\dm_project.exp
d:\dm_project\proj.win32\debug.win32\dm_project.pdb
d:\dm_project\proj.win32\debug.win32\dm_project.tlog\cl.read.1.tlog
d:\dm_project\proj.win32\debug.win32\dm_project.tlog\cl.write.1.tlog
d:\dm_project\proj.win32\debug.win32\dm_project.tlog\cl.command.1.tlog
d:\dm_project\proj.win32\debug.win32\dm_project.tlog\rc.read.1.tlog
d:\dm_project\proj.win32\debug.win32\dm_project.tlog\rc.write.1.tlog
d:\dm_project\proj.win32\debug.win32\dm_project.tlog\rc.command.1.tlog
d:\dm_project\proj.win32\debug.win32\dm_project.tlog\link.read.1.tlog
d:\dm_project\proj.win32\debug.win32\dm_project.tlog\link.write.1.tlog
d:\dm_project\proj.win32\debug.win32\dm_project.tlog\link.command.1.tlog
d:\dm_project\proj.win32\debug.win32\dm_project.tlog\dm_project.write.1u.tlog
d:\dm_project\proj.win32\debug.win32\dm_project.tlog\link.1248-rc.read.1.tlog
d:\dm_project\proj.win32\debug.win32\dm_project.tlog\link.1248-rc.write.1.tlog
d:\dm_project\proj.win32\debug.win32\dm_project.tlog\link.1248-cvtres.read.1.tlog
d:\dm_project\proj.win32\debug.win32\dm_project.tlog\link.1248-cvtres.write.1.tlog
d:\dm_project\proj.win32\debug.win32\dm_project.tlog\link.1248.read.1.tlog
d:\dm_project\proj.win32\debug.win32\dm_project.tlog\link.1248.write.1.tlog
d:\dm_project\proj.win32\debug.win32\dm_project.tlog\link-rc.read.1.tlog
d:\dm_project\proj.win32\debug.win32\dm_project.tlog\link-rc.write.1.tlog
d:\dm_project\proj.win32\debug.win32\dm_project.tlog\link-cvtres.read.1.tlog
d:\dm_project\proj.win32\debug.win32\dm_project.tlog\link-cvtres.write.1.tlog
